<?xml version="1.0" encoding="UTF-8"?>
<testsuite xmlns:xsi="http://www.w3.org/2001/XMLSchema-instance" xsi:noNamespaceSchemaLocation="https://maven.apache.org/surefire/maven-surefire-plugin/xsd/surefire-test-report-3.0.xsd" version="3.0" name="test.LoginTest" time="12.932" tests="9" errors="0" skipped="0" failures="0">
  <properties>
[...]
</properties>
  <testcase name="loginComSenhaMaiuscula" classname="test.LoginTest" time="8.294">
    <system-out><![CDATA[HTTP/1.1 401 Unauthorized
Access-Control-Allow-Origin: *
x-dns-prefetch-control: off
x-frame-options: SAMEORIGIN
strict-transport-security: max-age=15552000; includeSubDomains
x-download-options: noopen
x-content-type-options: nosniff
x-xss-protection: 1; mode=block
x-moesif-transaction-id: 7ed70d26-a4da-4f69-a68a-de143e0148fc
Content-Type: application/json; charset=utf-8
Content-Length: 48
Date: Fri, 28 Jul 2023 17:11:55 GMT
Connection: keep-alive
Keep-Alive: timeout=5

{
    "message": "Email e/ou senha inválidos"
}
]]></system-out>
  </testcase>
  <testcase name="loginComDadosIncorretos" classname="test.LoginTest" time="0.203">
    <system-out><![CDATA[HTTP/1.1 401 Unauthorized
Access-Control-Allow-Origin: *
x-dns-prefetch-control: off
x-frame-options: SAMEORIGIN
strict-transport-security: max-age=15552000; includeSubDomains
x-download-options: noopen
x-content-type-options: nosniff
x-xss-protection: 1; mode=block
x-moesif-transaction-id: 506ac259-edc8-427f-b4a8-c25098bf4e5a
Content-Type: application/json; charset=utf-8
Content-Length: 48
Date: Fri, 28 Jul 2023 17:11:59 GMT
Connection: keep-alive
Keep-Alive: timeout=5

{
    "message": "Email e/ou senha inválidos"
}
]]></system-out>
  </testcase>
  <testcase name="fazerLogin" classname="test.LoginTest" time="0.341">
    <system-out><![CDATA[HTTP/1.1 200 OK
Access-Control-Allow-Origin: *
x-dns-prefetch-control: off
x-frame-options: SAMEORIGIN
strict-transport-security: max-age=15552000; includeSubDomains
x-download-options: noopen
x-content-type-options: nosniff
x-xss-protection: 1; mode=block
x-moesif-transaction-id: adf3fedc-bef2-4d65-bf6e-0abf6d29f04f
Content-Type: application/json; charset=utf-8
Content-Length: 280
Date: Fri, 28 Jul 2023 17:11:59 GMT
Connection: keep-alive
Keep-Alive: timeout=5

{
    "message": "Login realizado com sucesso",
    "authorization": "Bearer eyJhbGciOiJIUzI1NiIsInR5cCI6IkpXVCJ9.eyJlbWFpbCI6ImRlZmF1bHR1c2VyQHFhLmNvbSIsInBhc3N3b3JkIjoiZGVmYXVsdHBhc3MiLCJpYXQiOjE2OTA1NjQzMTksImV4cCI6MTY5MDU2NDkxOX0.0KS91C86uHw6-sVgHBZoeApxWkIxc8-m_N2xWzIHWlg"
}
]]></system-out>
  </testcase>
  <testcase name="loginComEmaileSenhaEmBranco" classname="test.LoginTest" time="0.267">
    <system-out><![CDATA[HTTP/1.1 400 Bad Request
Access-Control-Allow-Origin: *
x-dns-prefetch-control: off
x-frame-options: SAMEORIGIN
strict-transport-security: max-age=15552000; includeSubDomains
x-download-options: noopen
x-content-type-options: nosniff
x-xss-protection: 1; mode=block
x-moesif-transaction-id: 9a752263-4e6b-44ea-92d9-9b43f4c8321a
Content-Type: application/json; charset=utf-8
Content-Length: 50
Date: Fri, 28 Jul 2023 17:11:59 GMT
Connection: keep-alive
Keep-Alive: timeout=5

{
    "email": "email deve ser um email válido"
}
]]></system-out>
  </testcase>
  <testcase name="loginComEmailIncorreto" classname="test.LoginTest" time="0.212">
    <system-out><![CDATA[HTTP/1.1 401 Unauthorized
Access-Control-Allow-Origin: *
x-dns-prefetch-control: off
x-frame-options: SAMEORIGIN
strict-transport-security: max-age=15552000; includeSubDomains
x-download-options: noopen
x-content-type-options: nosniff
x-xss-protection: 1; mode=block
x-moesif-transaction-id: a46c2e03-2769-4a78-8430-2573d7477e9d
Content-Type: application/json; charset=utf-8
Content-Length: 48
Date: Fri, 28 Jul 2023 17:11:59 GMT
Connection: keep-alive
Keep-Alive: timeout=5

{
    "message": "Email e/ou senha inválidos"
}
]]></system-out>
  </testcase>
  <testcase name="naoFazerLogin" classname="test.LoginTest" time="0.114">
    <system-out><![CDATA[HTTP/1.1 401 Unauthorized
Access-Control-Allow-Origin: *
x-dns-prefetch-control: off
x-frame-options: SAMEORIGIN
strict-transport-security: max-age=15552000; includeSubDomains
x-download-options: noopen
x-content-type-options: nosniff
x-xss-protection: 1; mode=block
x-moesif-transaction-id: 124dfcf9-fad5-47f5-ab18-f6faa8b9f2bf
Content-Type: application/json; charset=utf-8
Content-Length: 48
Date: Fri, 28 Jul 2023 17:12:00 GMT
Connection: keep-alive
Keep-Alive: timeout=5

{
    "message": "Email e/ou senha inválidos"
}
]]></system-out>
  </testcase>
  <testcase name="loginComSenhaIncorreta" classname="test.LoginTest" time="0.1">
    <system-out><![CDATA[HTTP/1.1 401 Unauthorized
Access-Control-Allow-Origin: *
x-dns-prefetch-control: off
x-frame-options: SAMEORIGIN
strict-transport-security: max-age=15552000; includeSubDomains
x-download-options: noopen
x-content-type-options: nosniff
x-xss-protection: 1; mode=block
x-moesif-transaction-id: 14c6f1f6-4649-485c-b546-9df0e688c33b
Content-Type: application/json; charset=utf-8
Content-Length: 48
Date: Fri, 28 Jul 2023 17:12:00 GMT
Connection: keep-alive
Keep-Alive: timeout=5

{
    "message": "Email e/ou senha inválidos"
}
]]></system-out>
  </testcase>
  <testcase name="loginComEmaileSenhaVazios" classname="test.LoginTest" time="0.435">
    <system-out><![CDATA[HTTP/1.1 400 Bad Request
Access-Control-Allow-Origin: *
x-dns-prefetch-control: off
x-frame-options: SAMEORIGIN
strict-transport-security: max-age=15552000; includeSubDomains
x-download-options: noopen
x-content-type-options: nosniff
x-xss-protection: 1; mode=block
x-moesif-transaction-id: b82340c1-beca-42bc-a891-968c271d484a
Content-Type: application/json; charset=utf-8
Content-Length: 104
Date: Fri, 28 Jul 2023 17:12:00 GMT
Connection: keep-alive
Keep-Alive: timeout=5

{
    "email": "email não pode ficar em branco",
    "password": "password não pode ficar em branco"
}
]]></system-out>
  </testcase>
  <testcase name="loginComEmailMaiusculo" classname="test.LoginTest" time="0.135">
    <system-out><![CDATA[HTTP/1.1 401 Unauthorized
Access-Control-Allow-Origin: *
x-dns-prefetch-control: off
x-frame-options: SAMEORIGIN
strict-transport-security: max-age=15552000; includeSubDomains
x-download-options: noopen
x-content-type-options: nosniff
x-xss-protection: 1; mode=block
x-moesif-transaction-id: 62f00a4b-6375-4937-8a25-7165d7078b40
Content-Type: application/json; charset=utf-8
Content-Length: 48
Date: Fri, 28 Jul 2023 17:12:00 GMT
Connection: keep-alive
Keep-Alive: timeout=5

{
    "message": "Email e/ou senha inválidos"
}
]]></system-out>
  </testcase>
</testsuite>